<?xml version="1.0" encoding="UTF-8"?>
<!-- Generated by org.testng.reporters.JUnitReportReporter -->
<testsuite hostname="Ryans-MBP" name="scenarios.SearchTest" tests="2" failures="0" timestamp="5 Oct 2016 01:04:49 GMT" time="29.837" errors="0">
  <testcase name="invalid_search_should_return_no_results" time="13.812" classname="scenarios.SearchTest"/>
  <testcase name="search_topic_should_return_relevant_article" time="16.025" classname="scenarios.SearchTest"/>
</testsuite>
